02-android/app/build/intermediates/manifest_merge_blame_file/debug/manifest-merger-blame-debug-report.txt
1<?xml version="1.0" encoding="utf-8"?>
2<manifest xmlns:android="http://schemas.android.com/apk/res/android"
3    package="com.example.movilescomputacion"
4    android:versionCode="1"
5    android:versionName="1.0" >
6
7    <uses-sdk
8        android:minSdkVersion="24"
8-->src/main/AndroidManifest.xml
9        android:targetSdkVersion="29" />
9-->src/main/AndroidManifest.xml
10
11    <application
11-->src/main/AndroidManifest.xml:5:5-30:19
12        android:allowBackup="true"
12-->src/main/AndroidManifest.xml:6:9-35
13        android:appComponentFactory="androidx.core.app.CoreComponentFactory"
13-->[androidx.core:core:1.3.2] AndroidManifest.xml:24:18-86
14        android:debuggable="true"
15        android:extractNativeLibs="false"
16        android:icon="@mipmap/ic_launcher"
16-->src/main/AndroidManifest.xml:7:9-43
17        android:label="@string/app_name"
17-->src/main/AndroidManifest.xml:8:9-41
18        android:roundIcon="@mipmap/ic_launcher_round"
18-->src/main/AndroidManifest.xml:9:9-54
19        android:supportsRtl="true"
19-->src/main/AndroidManifest.xml:10:9-35
20        android:testOnly="true"
21        android:theme="@style/Theme.MovilesComputacion" >
21-->src/main/AndroidManifest.xml:11:9-56
22        <activity android:name="com.example.movilescomputacion.CIntentExplicitoParametros" />
22-->src/main/AndroidManifest.xml:12:9-73
22-->src/main/AndroidManifest.xml:12:19-61
23        <activity android:name="com.example.movilescomputacion.BListView" >
23-->src/main/AndroidManifest.xml:13:9-21:20
23-->src/main/AndroidManifest.xml:13:19-44
24            <intent-filter>
24-->src/main/AndroidManifest.xml:14:13-20:29
25                <action android:name="android.intent.action.SEND" />
25-->src/main/AndroidManifest.xml:15:17-69
25-->src/main/AndroidManifest.xml:15:25-66
26
27                <category android:name="android.intent.category.DEFAULT" />
27-->src/main/AndroidManifest.xml:17:17-76
27-->src/main/AndroidManifest.xml:17:27-73
28
29                <data android:mimeType="text/plain" />
29-->src/main/AndroidManifest.xml:19:17-55
29-->src/main/AndroidManifest.xml:19:23-52
30            </intent-filter>
31        </activity>
32        <activity android:name="com.example.movilescomputacion.ACicloVida" />
32-->src/main/AndroidManifest.xml:22:9-48
32-->src/main/AndroidManifest.xml:22:19-45
33        <activity android:name="com.example.movilescomputacion.MainActivity" >
33-->src/main/AndroidManifest.xml:23:9-29:20
33-->src/main/AndroidManifest.xml:23:19-47
34            <intent-filter>
34-->src/main/AndroidManifest.xml:24:13-28:29
35                <action android:name="android.intent.action.MAIN" />
35-->src/main/AndroidManifest.xml:25:17-69
35-->src/main/AndroidManifest.xml:25:25-66
36
37                <category android:name="android.intent.category.LAUNCHER" />
37-->src/main/AndroidManifest.xml:27:17-77
37-->src/main/AndroidManifest.xml:27:27-74
38            </intent-filter>
39        </activity>
40    </application>
41
42</manifest>